2024-04-21 14:46:35 [INFO] Bookie begins to initilize.
2024-04-21 14:46:35 [INFO] start recovery process
2024-04-21 14:46:35 [INFO] recovery: meet segment t-seg. ElapsedTime: 59.235381613s
2024-04-21 14:46:35 [INFO] Bookie initialize file system successfully.
2024-04-21 14:46:35 [INFO] ZooKeeper connected to 127.0.0.1:18001
2024-04-21 14:46:35 [INFO] ZooKeeper authenticated: id=72057594512080945, timeout=4000
2024-04-21 14:46:35 [INFO] ZooKeeper re-submitting `0` credentials after reconnect
2024-04-21 14:46:35 [INFO] Bookie initialize zookeeper successfully.
2024-04-21 14:46:35 [INFO] RPC is handled in path: /_go_rpc_127_0_0_1_19003 and debug path: /debug/gorpc_127.0.0.1:19003
2024-04-21 14:46:35 [INFO] Bookie initialize RPC server successfully.
2024-04-21 14:46:35 [INFO] Bookie state is set to Running
2024-04-21 14:46:35 [INFO] Bookie [10281] starts running in main loop...
2024-04-21 14:46:35 [INFO] With config:
 {
  "ReplicateNumber": 3,
  "MinimumReplicaNumber": 1,
  "SegmentMaxSize": 33554432,
  "StorageMaxSize": 268435456,
  "StorageDirectoryPath": "/home/hoo/Filebase/project/pigeonmq/cmd/pigeonmq-bookie/storages/storage3",
  "LogFilePath": "/home/hoo/Filebase/project/pigeonmq/logs",
  "PermissibleDowntime": 3000000000,
  "ZooKeeperClusterAddresses": [
    "127.0.0.1:18001"
  ],
  "ZooKeeperConnectionTimeout": 3000000000,
  "DefaultPeerCommunicationTimeout": 3000000000,
  "IPAddress": "127.0.0.1",
  "Port": 19003,
  "CronTimer": 10000000000,
  "RetentionHours": 604800000000000
}
2024-04-21 14:46:36 [INFO] Bookie received RPC CreateBackupSegment, args=&{t-seg}
2024-04-21 14:46:36 [INFO] Bookie handled RPC CreateBackupSegment: error=<nil>
2024-04-21 14:46:36 [INFO] Bookie [10281] shutting down...
2024-04-21 14:46:36 [INFO] Bookie state is set to Stopped
2024-04-21 14:46:36 [INFO] ZooKeeper recv loop terminated: EOF
2024-04-21 14:46:36 [INFO] ZooKeeper send loop terminated: <nil>
2024-04-21 14:46:36 [INFO] Bookie [10281] shut down successfully
2024-04-21 14:46:36 [INFO] Bookie [10281] shutting down...
2024-04-21 14:46:36 [WARN] watchSegmentMetadataBG meet unexpected watched zk event,event={EventNotWatching StateDisconnected /segments/t-seg/metadata zk: zookeeper is closing }
2024-04-21 14:46:36 [ERROR] Bookie [10281] shut down with error : already stopped
2024-04-21 14:46:36 [INFO] Bookie [10281] starts running in main loop...
2024-04-21 14:46:36 [INFO] With config:
 {
  "ReplicateNumber": 3,
  "MinimumReplicaNumber": 1,
  "SegmentMaxSize": 33554432,
  "StorageMaxSize": 268435456,
  "StorageDirectoryPath": "/home/hoo/Filebase/project/pigeonmq/cmd/pigeonmq-bookie/storages/storage3",
  "LogFilePath": "/home/hoo/Filebase/project/pigeonmq/logs",
  "PermissibleDowntime": 3000000000,
  "ZooKeeperClusterAddresses": [
    "127.0.0.1:18001"
  ],
  "ZooKeeperConnectionTimeout": 3000000000,
  "DefaultPeerCommunicationTimeout": 3000000000,
  "IPAddress": "127.0.0.1",
  "Port": 19003,
  "CronTimer": 10000000000,
  "RetentionHours": 604800000000000
}
2024-04-21 14:46:36 [INFO] Bookie [10281] shutting down...
2024-04-21 14:46:36 [ERROR] Bookie [10281] shut down with error : already stopped
