2024-04-21 16:38:02 [INFO] Bookie begins to initilize.
2024-04-21 16:38:02 [INFO] start recovery process
2024-04-21 16:38:02 [INFO] recovery: meet segment t-seg. ElapsedTime: 98.73685ms
2024-04-21 16:38:02 [INFO] recovery: begin to be responsible for segment t-seg
2024-04-21 16:38:02 [INFO] Bookie initialize file system successfully.
2024-04-21 16:38:02 [INFO] ZooKeeper connected to 127.0.0.1:18001
2024-04-21 16:38:02 [INFO] ZooKeeper authenticated: id=72057594512080986, timeout=4000
2024-04-21 16:38:02 [INFO] ZooKeeper re-submitting `0` credentials after reconnect
2024-04-21 16:38:02 [INFO] initZK: create segment t-seg hinted by recovery
2024-04-21 16:38:02 [INFO] Bookie initialize zookeeper successfully.
2024-04-21 16:38:02 [INFO] RPC is handled in path: /_go_rpc_127_0_0_1_19003 and debug path: /debug/gorpc_127.0.0.1:19003
2024-04-21 16:38:02 [INFO] Bookie initialize RPC server successfully.
2024-04-21 16:38:02 [INFO] Bookie state is set to Running
2024-04-21 16:38:02 [INFO] Bookie [21930] starts running in main loop...
2024-04-21 16:38:02 [INFO] With config:
 {
  "ReplicateNumber": 3,
  "MinimumReplicaNumber": 1,
  "SegmentMaxSize": 33554432,
  "StorageMaxSize": 268435456,
  "StorageDirectoryPath": "/home/hoo/Filebase/project/pigeonmq/cmd/pigeonmq-bookie/storages/storage3",
  "LogFilePath": "/home/hoo/Filebase/project/pigeonmq/logs",
  "PermissibleDowntime": 3000000000,
  "ZooKeeperClusterAddresses": [
    "127.0.0.1:18001"
  ],
  "ZooKeeperConnectionTimeout": 3000000000,
  "DefaultPeerCommunicationTimeout": 3000000000,
  "IPAddress": "127.0.0.1",
  "Port": 19003,
  "CronTimer": 10000000000,
  "RetentionHours": 604800000000000
}
2024-04-21 16:38:05 [INFO] Bookie received RPC AppendBackupSegment, segmentName=t-seg, dataLen=4096
2024-04-21 16:38:05 [INFO] Bookie hanlded AppendBackupSegment, error=<nil>
2024-04-21 16:38:12 [INFO] handle event {Description:Cron eType:3 args:<nil>}
2024-04-21 16:38:22 [INFO] handle event {Description:Cron eType:3 args:<nil>}
2024-04-21 16:38:32 [INFO] handle event {Description:Cron eType:3 args:<nil>}
2024-04-21 16:38:42 [INFO] handle event {Description:Cron eType:3 args:<nil>}
2024-04-21 16:38:52 [INFO] handle event {Description:Cron eType:3 args:<nil>}
2024-04-21 16:39:02 [INFO] handle event {Description:Cron eType:3 args:<nil>}
2024-04-21 16:39:12 [INFO] handle event {Description:Cron eType:3 args:<nil>}
2024-04-21 16:39:22 [INFO] handle event {Description:Cron eType:3 args:<nil>}
2024-04-21 16:39:32 [INFO] handle event {Description:Cron eType:3 args:<nil>}
2024-04-21 16:39:42 [INFO] handle event {Description:Cron eType:3 args:<nil>}
2024-04-21 16:39:52 [INFO] handle event {Description:Cron eType:3 args:<nil>}
2024-04-21 16:40:02 [INFO] handle event {Description:Cron eType:3 args:<nil>}
2024-04-21 16:40:12 [INFO] handle event {Description:Cron eType:3 args:<nil>}
2024-04-21 16:40:22 [INFO] handle event {Description:Cron eType:3 args:<nil>}
2024-04-21 16:40:32 [INFO] handle event {Description:Cron eType:3 args:<nil>}
2024-04-21 16:40:42 [INFO] handle event {Description:Cron eType:3 args:<nil>}
2024-04-21 16:40:52 [INFO] handle event {Description:Cron eType:3 args:<nil>}
2024-04-21 16:41:02 [INFO] handle event {Description:Cron eType:3 args:<nil>}
2024-04-21 16:41:12 [INFO] handle event {Description:Cron eType:3 args:<nil>}
2024-04-21 16:41:22 [INFO] handle event {Description:Cron eType:3 args:<nil>}
2024-04-21 16:41:32 [INFO] handle event {Description:Cron eType:3 args:<nil>}
2024-04-21 16:41:42 [INFO] handle event {Description:Cron eType:3 args:<nil>}
2024-04-21 16:41:52 [INFO] handle event {Description:Cron eType:3 args:<nil>}
2024-04-21 16:42:02 [INFO] handle event {Description:Cron eType:3 args:<nil>}
2024-04-21 16:42:12 [INFO] handle event {Description:Cron eType:3 args:<nil>}
2024-04-21 16:42:22 [INFO] handle event {Description:Cron eType:3 args:<nil>}
2024-04-21 16:42:32 [INFO] handle event {Description:Cron eType:3 args:<nil>}
2024-04-21 16:42:42 [INFO] handle event {Description:Cron eType:3 args:<nil>}
2024-04-21 16:42:52 [INFO] handle event {Description:Cron eType:3 args:<nil>}
2024-04-21 16:43:02 [INFO] handle event {Description:Cron eType:3 args:<nil>}
2024-04-21 16:43:03 [INFO] Bookie received RPC CreateBackupSegment, args=&{t-seg}
2024-04-21 16:43:03 [INFO] Bookie handled RPC CreateBackupSegment: error=<nil>
2024-04-21 16:43:03 [INFO] Bookie [21930] shutting down...
2024-04-21 16:43:03 [INFO] Bookie state is set to Stopped
2024-04-21 16:43:03 [INFO] ZooKeeper recv loop terminated: EOF
2024-04-21 16:43:03 [INFO] ZooKeeper send loop terminated: <nil>
2024-04-21 16:43:03 [INFO] Bookie [21930] shut down successfully
2024-04-21 16:43:03 [INFO] Bookie [21930] shutting down...
2024-04-21 16:43:03 [ERROR] Bookie [21930] shut down with error : already stopped
2024-04-21 16:43:03 [INFO] Bookie [21930] starts running in main loop...
2024-04-21 16:43:03 [INFO] With config:
 {
  "ReplicateNumber": 3,
  "MinimumReplicaNumber": 1,
  "SegmentMaxSize": 33554432,
  "StorageMaxSize": 268435456,
  "StorageDirectoryPath": "/home/hoo/Filebase/project/pigeonmq/cmd/pigeonmq-bookie/storages/storage3",
  "LogFilePath": "/home/hoo/Filebase/project/pigeonmq/logs",
  "PermissibleDowntime": 3000000000,
  "ZooKeeperClusterAddresses": [
    "127.0.0.1:18001"
  ],
  "ZooKeeperConnectionTimeout": 3000000000,
  "DefaultPeerCommunicationTimeout": 3000000000,
  "IPAddress": "127.0.0.1",
  "Port": 19003,
  "CronTimer": 10000000000,
  "RetentionHours": 604800000000000
}
2024-04-21 16:43:03 [INFO] Bookie [21930] shutting down...
2024-04-21 16:43:03 [ERROR] Bookie [21930] shut down with error : already stopped
