2024-04-21 16:43:24 [INFO] Bookie begins to initilize.
2024-04-21 16:43:24 [INFO] start recovery process
2024-04-21 16:43:24 [INFO] recovery: meet segment t-seg. ElapsedTime: 75.92888ms
2024-04-21 16:43:24 [INFO] recovery: begin to be responsible for segment t-seg
2024-04-21 16:43:24 [INFO] Bookie initialize file system successfully.
2024-04-21 16:43:24 [INFO] ZooKeeper connected to 127.0.0.1:18001
2024-04-21 16:43:24 [INFO] ZooKeeper authenticated: id=72057594512080998, timeout=4000
2024-04-21 16:43:24 [INFO] ZooKeeper re-submitting `0` credentials after reconnect
2024-04-21 16:43:24 [INFO] initZK: create segment t-seg hinted by recovery
2024-04-21 16:43:24 [INFO] Bookie initialize zookeeper successfully.
2024-04-21 16:43:24 [INFO] RPC is handled in path: /_go_rpc_127_0_0_1_19003 and debug path: /debug/gorpc_127.0.0.1:19003
2024-04-21 16:43:24 [INFO] Bookie initialize RPC server successfully.
2024-04-21 16:43:24 [INFO] Bookie state is set to Running
2024-04-21 16:43:24 [INFO] Bookie [22855] starts running in main loop...
2024-04-21 16:43:24 [INFO] With config:
 {
  "ReplicateNumber": 3,
  "MinimumReplicaNumber": 1,
  "SegmentMaxSize": 33554432,
  "StorageMaxSize": 268435456,
  "StorageDirectoryPath": "/home/hoo/Filebase/project/pigeonmq/cmd/pigeonmq-bookie/storages/storage3",
  "LogFilePath": "/home/hoo/Filebase/project/pigeonmq/logs",
  "PermissibleDowntime": 3000000000,
  "ZooKeeperClusterAddresses": [
    "127.0.0.1:18001"
  ],
  "ZooKeeperConnectionTimeout": 3000000000,
  "DefaultPeerCommunicationTimeout": 3000000000,
  "IPAddress": "127.0.0.1",
  "Port": 19003,
  "CronTimer": 10000000000,
  "RetentionHours": 604800000000000
}
2024-04-21 16:43:27 [INFO] Bookie received RPC AppendBackupSegment, segmentName=t-seg, dataLen=4096
2024-04-21 16:43:27 [INFO] Bookie hanlded AppendBackupSegment, error=<nil>
2024-04-21 16:43:34 [INFO] handle event {Description:Cron eType:3 args:<nil>}
2024-04-21 16:43:44 [INFO] handle event {Description:Cron eType:3 args:<nil>}
2024-04-21 16:43:54 [INFO] handle event {Description:Cron eType:3 args:<nil>}
2024-04-21 16:44:04 [INFO] handle event {Description:Cron eType:3 args:<nil>}
2024-04-21 16:44:14 [INFO] handle event {Description:Cron eType:3 args:<nil>}
2024-04-21 16:44:24 [INFO] handle event {Description:Cron eType:3 args:<nil>}
2024-04-21 16:44:34 [INFO] handle event {Description:Cron eType:3 args:<nil>}
2024-04-21 16:44:44 [INFO] handle event {Description:Cron eType:3 args:<nil>}
2024-04-21 16:44:54 [INFO] handle event {Description:Cron eType:3 args:<nil>}
2024-04-21 16:45:04 [INFO] handle event {Description:Cron eType:3 args:<nil>}
2024-04-21 16:45:14 [INFO] handle event {Description:Cron eType:3 args:<nil>}
2024-04-21 16:45:24 [INFO] handle event {Description:Cron eType:3 args:<nil>}
2024-04-21 16:45:34 [INFO] handle event {Description:Cron eType:3 args:<nil>}
2024-04-21 16:45:44 [INFO] handle event {Description:Cron eType:3 args:<nil>}
2024-04-21 16:45:54 [INFO] handle event {Description:Cron eType:3 args:<nil>}
2024-04-21 16:46:04 [INFO] handle event {Description:Cron eType:3 args:<nil>}
2024-04-21 16:46:14 [INFO] handle event {Description:Cron eType:3 args:<nil>}
2024-04-21 16:46:24 [INFO] handle event {Description:Cron eType:3 args:<nil>}
2024-04-21 16:46:34 [INFO] handle event {Description:Cron eType:3 args:<nil>}
2024-04-21 16:46:44 [INFO] handle event {Description:Cron eType:3 args:<nil>}
2024-04-21 16:46:54 [INFO] handle event {Description:Cron eType:3 args:<nil>}
2024-04-21 16:47:04 [INFO] handle event {Description:Cron eType:3 args:<nil>}
2024-04-21 16:47:14 [INFO] handle event {Description:Cron eType:3 args:<nil>}
2024-04-21 16:47:24 [INFO] handle event {Description:Cron eType:3 args:<nil>}
2024-04-21 16:47:34 [INFO] handle event {Description:Cron eType:3 args:<nil>}
2024-04-21 16:47:35 [INFO] Bookie received RPC CreateBackupSegment, args=&{t-seg}
2024-04-21 16:47:35 [INFO] Bookie handled RPC CreateBackupSegment: error=<nil>
2024-04-21 16:47:35 [INFO] Bookie [22855] shutting down...
2024-04-21 16:47:35 [INFO] Bookie state is set to Stopped
2024-04-21 16:47:35 [INFO] ZooKeeper recv loop terminated: EOF
2024-04-21 16:47:35 [INFO] ZooKeeper send loop terminated: <nil>
2024-04-21 16:47:35 [INFO] Bookie [22855] shut down successfully
2024-04-21 16:47:35 [INFO] Bookie [22855] shutting down...
2024-04-21 16:47:35 [ERROR] Bookie [22855] shut down with error : already stopped
2024-04-21 16:47:35 [INFO] Bookie [22855] starts running in main loop...
2024-04-21 16:47:35 [INFO] With config:
 {
  "ReplicateNumber": 3,
  "MinimumReplicaNumber": 1,
  "SegmentMaxSize": 33554432,
  "StorageMaxSize": 268435456,
  "StorageDirectoryPath": "/home/hoo/Filebase/project/pigeonmq/cmd/pigeonmq-bookie/storages/storage3",
  "LogFilePath": "/home/hoo/Filebase/project/pigeonmq/logs",
  "PermissibleDowntime": 3000000000,
  "ZooKeeperClusterAddresses": [
    "127.0.0.1:18001"
  ],
  "ZooKeeperConnectionTimeout": 3000000000,
  "DefaultPeerCommunicationTimeout": 3000000000,
  "IPAddress": "127.0.0.1",
  "Port": 19003,
  "CronTimer": 10000000000,
  "RetentionHours": 604800000000000
}
2024-04-21 16:47:35 [INFO] Bookie [22855] shutting down...
2024-04-21 16:47:35 [ERROR] Bookie [22855] shut down with error : already stopped
