2024-04-21 16:28:30 [INFO] Bookie begins to initilize.
2024-04-21 16:28:30 [INFO] start recovery process
2024-04-21 16:28:30 [INFO] recovery: meet segment t-seg. ElapsedTime: 74.98143ms
2024-04-21 16:28:30 [INFO] recovery: begin to be responsible for segment t-seg
2024-04-21 16:28:30 [INFO] Bookie initialize file system successfully.
2024-04-21 16:28:30 [INFO] ZooKeeper connected to 127.0.0.1:18001
2024-04-21 16:28:30 [INFO] ZooKeeper authenticated: id=72057594512080976, timeout=4000
2024-04-21 16:28:30 [INFO] ZooKeeper re-submitting `0` credentials after reconnect
2024-04-21 16:28:30 [INFO] initZK: create segment t-seg hinted by recovery
2024-04-21 16:28:30 [INFO] Bookie initialize zookeeper successfully.
2024-04-21 16:28:30 [INFO] RPC is handled in path: /_go_rpc_127_0_0_1_19003 and debug path: /debug/gorpc_127.0.0.1:19003
2024-04-21 16:28:30 [INFO] Bookie initialize RPC server successfully.
2024-04-21 16:28:30 [INFO] Bookie state is set to Running
2024-04-21 16:28:30 [INFO] Bookie [20592] starts running in main loop...
2024-04-21 16:28:30 [INFO] With config:
 {
  "ReplicateNumber": 3,
  "MinimumReplicaNumber": 1,
  "SegmentMaxSize": 33554432,
  "StorageMaxSize": 268435456,
  "StorageDirectoryPath": "/home/hoo/Filebase/project/pigeonmq/cmd/pigeonmq-bookie/storages/storage3",
  "LogFilePath": "/home/hoo/Filebase/project/pigeonmq/logs",
  "PermissibleDowntime": 3000000000,
  "ZooKeeperClusterAddresses": [
    "127.0.0.1:18001"
  ],
  "ZooKeeperConnectionTimeout": 3000000000,
  "DefaultPeerCommunicationTimeout": 3000000000,
  "IPAddress": "127.0.0.1",
  "Port": 19003,
  "CronTimer": 10000000000,
  "RetentionHours": 604800000000000
}
2024-04-21 16:28:33 [INFO] Bookie received RPC AppendBackupSegment, segmentName=t-seg, dataLen=4096
2024-04-21 16:28:33 [INFO] Bookie hanlded AppendBackupSegment, error=<nil>
2024-04-21 16:28:40 [INFO] handle event {Description:Cron eType:3 args:<nil>}
2024-04-21 16:28:50 [INFO] handle event {Description:Cron eType:3 args:<nil>}
2024-04-21 16:29:00 [INFO] handle event {Description:Cron eType:3 args:<nil>}
2024-04-21 16:29:10 [INFO] handle event {Description:Cron eType:3 args:<nil>}
2024-04-21 16:29:20 [INFO] handle event {Description:Cron eType:3 args:<nil>}
2024-04-21 16:29:30 [INFO] handle event {Description:Cron eType:3 args:<nil>}
2024-04-21 16:29:40 [INFO] handle event {Description:Cron eType:3 args:<nil>}
2024-04-21 16:29:50 [INFO] handle event {Description:Cron eType:3 args:<nil>}
2024-04-21 16:30:00 [INFO] handle event {Description:Cron eType:3 args:<nil>}
2024-04-21 16:30:10 [INFO] handle event {Description:Cron eType:3 args:<nil>}
2024-04-21 16:30:20 [INFO] handle event {Description:Cron eType:3 args:<nil>}
2024-04-21 16:30:30 [INFO] handle event {Description:Cron eType:3 args:<nil>}
2024-04-21 16:30:40 [INFO] handle event {Description:Cron eType:3 args:<nil>}
2024-04-21 16:30:50 [INFO] handle event {Description:Cron eType:3 args:<nil>}
2024-04-21 16:31:00 [INFO] handle event {Description:Cron eType:3 args:<nil>}
2024-04-21 16:31:10 [INFO] handle event {Description:Cron eType:3 args:<nil>}
2024-04-21 16:31:21 [INFO] handle event {Description:Cron eType:3 args:<nil>}
2024-04-21 16:31:31 [INFO] handle event {Description:Cron eType:3 args:<nil>}
2024-04-21 16:31:41 [INFO] handle event {Description:Cron eType:3 args:<nil>}
2024-04-21 16:31:51 [INFO] handle event {Description:Cron eType:3 args:<nil>}
2024-04-21 16:32:01 [INFO] handle event {Description:Cron eType:3 args:<nil>}
2024-04-21 16:32:11 [INFO] handle event {Description:Cron eType:3 args:<nil>}
2024-04-21 16:32:21 [INFO] handle event {Description:Cron eType:3 args:<nil>}
2024-04-21 16:32:31 [INFO] handle event {Description:Cron eType:3 args:<nil>}
2024-04-21 16:32:41 [INFO] handle event {Description:Cron eType:3 args:<nil>}
2024-04-21 16:32:51 [INFO] handle event {Description:Cron eType:3 args:<nil>}
2024-04-21 16:33:01 [INFO] handle event {Description:Cron eType:3 args:<nil>}
2024-04-21 16:33:11 [INFO] handle event {Description:Cron eType:3 args:<nil>}
2024-04-21 16:33:21 [INFO] handle event {Description:Cron eType:3 args:<nil>}
2024-04-21 16:33:31 [INFO] handle event {Description:Cron eType:3 args:<nil>}
2024-04-21 16:33:41 [INFO] handle event {Description:Cron eType:3 args:<nil>}
2024-04-21 16:33:51 [INFO] handle event {Description:Cron eType:3 args:<nil>}
2024-04-21 16:34:01 [INFO] handle event {Description:Cron eType:3 args:<nil>}
2024-04-21 16:34:11 [INFO] handle event {Description:Cron eType:3 args:<nil>}
2024-04-21 16:34:21 [INFO] handle event {Description:Cron eType:3 args:<nil>}
2024-04-21 16:34:31 [INFO] handle event {Description:Cron eType:3 args:<nil>}
2024-04-21 16:34:41 [INFO] handle event {Description:Cron eType:3 args:<nil>}
2024-04-21 16:34:46 [INFO] Bookie [20592] shutting down...
2024-04-21 16:34:46 [INFO] Bookie state is set to Stopped
2024-04-21 16:34:46 [INFO] ZooKeeper recv loop terminated: EOF
2024-04-21 16:34:46 [INFO] ZooKeeper send loop terminated: <nil>
2024-04-21 16:34:46 [INFO] Bookie [20592] shut down successfully
2024-04-21 16:34:46 [INFO] Bookie [20592] shutting down...
2024-04-21 16:34:46 [ERROR] Bookie [20592] shut down with error : already stopped
2024-04-21 16:34:46 [INFO] Bookie [20592] starts running in main loop...
2024-04-21 16:34:46 [INFO] With config:
 {
  "ReplicateNumber": 3,
  "MinimumReplicaNumber": 1,
  "SegmentMaxSize": 33554432,
  "StorageMaxSize": 268435456,
  "StorageDirectoryPath": "/home/hoo/Filebase/project/pigeonmq/cmd/pigeonmq-bookie/storages/storage3",
  "LogFilePath": "/home/hoo/Filebase/project/pigeonmq/logs",
  "PermissibleDowntime": 3000000000,
  "ZooKeeperClusterAddresses": [
    "127.0.0.1:18001"
  ],
  "ZooKeeperConnectionTimeout": 3000000000,
  "DefaultPeerCommunicationTimeout": 3000000000,
  "IPAddress": "127.0.0.1",
  "Port": 19003,
  "CronTimer": 10000000000,
  "RetentionHours": 604800000000000
}
2024-04-21 16:34:46 [INFO] Bookie [20592] shutting down...
2024-04-21 16:34:46 [ERROR] Bookie [20592] shut down with error : already stopped
