2024-04-21 16:49:45 [INFO] Bookie begins to initilize.
2024-04-21 16:49:45 [INFO] start recovery process
2024-04-21 16:49:45 [INFO] recovery: meet segment t-seg. ElapsedTime: 81.125835ms
2024-04-21 16:49:45 [INFO] recovery: begin to be responsible for segment t-seg
2024-04-21 16:49:45 [INFO] Bookie initialize file system successfully.
2024-04-21 16:49:45 [INFO] ZooKeeper connected to 127.0.0.1:18001
2024-04-21 16:49:45 [INFO] ZooKeeper authenticated: id=72057594512081015, timeout=4000
2024-04-21 16:49:45 [INFO] ZooKeeper re-submitting `0` credentials after reconnect
2024-04-21 16:49:46 [INFO] initZK: create segment t-seg hinted by recovery
2024-04-21 16:49:46 [INFO] Bookie initialize zookeeper successfully.
2024-04-21 16:49:46 [INFO] RPC is handled in path: /_go_rpc_127_0_0_1_19003 and debug path: /debug/gorpc_127.0.0.1:19003
2024-04-21 16:49:46 [INFO] Bookie initialize RPC server successfully.
2024-04-21 16:49:46 [INFO] Bookie state is set to Running
2024-04-21 16:49:46 [INFO] Bookie [24054] starts running in main loop...
2024-04-21 16:49:46 [INFO] With config:
 {
  "ReplicateNumber": 3,
  "MinimumReplicaNumber": 1,
  "SegmentMaxSize": 33554432,
  "StorageMaxSize": 268435456,
  "StorageDirectoryPath": "/home/hoo/Filebase/project/pigeonmq/cmd/pigeonmq-bookie/storages/storage3",
  "LogFilePath": "/home/hoo/Filebase/project/pigeonmq/logs",
  "PermissibleDowntime": 3000000000,
  "ZooKeeperClusterAddresses": [
    "127.0.0.1:18001"
  ],
  "ZooKeeperConnectionTimeout": 3000000000,
  "DefaultPeerCommunicationTimeout": 3000000000,
  "IPAddress": "127.0.0.1",
  "Port": 19003,
  "CronTimer": 10000000000,
  "RetentionHours": 604800000000000
}
2024-04-21 16:49:48 [INFO] Bookie received RPC AppendBackupSegment, segmentName=t-seg, dataLen=4096
2024-04-21 16:49:48 [INFO] Bookie hanlded AppendBackupSegment, error=<nil>
2024-04-21 16:49:51 [INFO] Bookie received RPC ReadSegment, args={t-seg 16 1024}
2024-04-21 16:49:51 [INFO] Bookie handled RPC ReadSegment, error=<nil>
2024-04-21 16:49:51 [INFO] Bookie [24054] shutting down...
2024-04-21 16:49:51 [INFO] Bookie state is set to Stopped
2024-04-21 16:49:51 [INFO] ZooKeeper recv loop terminated: EOF
2024-04-21 16:49:51 [INFO] ZooKeeper send loop terminated: <nil>
2024-04-21 16:49:51 [INFO] Bookie [24054] shut down successfully
2024-04-21 16:49:51 [INFO] Bookie [24054] shutting down...
2024-04-21 16:49:51 [ERROR] Bookie [24054] shut down with error : already stopped
2024-04-21 16:49:51 [INFO] Bookie [24054] starts running in main loop...
2024-04-21 16:49:51 [INFO] With config:
 {
  "ReplicateNumber": 3,
  "MinimumReplicaNumber": 1,
  "SegmentMaxSize": 33554432,
  "StorageMaxSize": 268435456,
  "StorageDirectoryPath": "/home/hoo/Filebase/project/pigeonmq/cmd/pigeonmq-bookie/storages/storage3",
  "LogFilePath": "/home/hoo/Filebase/project/pigeonmq/logs",
  "PermissibleDowntime": 3000000000,
  "ZooKeeperClusterAddresses": [
    "127.0.0.1:18001"
  ],
  "ZooKeeperConnectionTimeout": 3000000000,
  "DefaultPeerCommunicationTimeout": 3000000000,
  "IPAddress": "127.0.0.1",
  "Port": 19003,
  "CronTimer": 10000000000,
  "RetentionHours": 604800000000000
}
2024-04-21 16:49:51 [INFO] Bookie [24054] shutting down...
2024-04-21 16:49:51 [ERROR] Bookie [24054] shut down with error : already stopped
