2024-04-21 14:22:20 [INFO] Bookie begins to initilize.
2024-04-21 14:22:20 [INFO] start recovery process
2024-04-21 14:22:20 [INFO] recovery: meet segment t-seg. ElapsedTime: 42h25m20.068104045s
2024-04-21 14:22:20 [INFO] Bookie initialize file system successfully.
2024-04-21 14:22:20 [INFO] ZooKeeper connected to 127.0.0.1:18001
2024-04-21 14:22:20 [INFO] ZooKeeper authenticated: id=72057594512080899, timeout=4000
2024-04-21 14:22:20 [INFO] ZooKeeper re-submitting `0` credentials after reconnect
2024-04-21 14:22:20 [INFO] Bookie initialize zookeeper successfully.
2024-04-21 14:22:20 [INFO] RPC is handled in path: /_go_rpc_127_0_0_1_19003 and debug path: /debug/gorpc_127.0.0.1:19003
2024-04-21 14:22:20 [INFO] Bookie initialize RPC server successfully.
2024-04-21 14:22:20 [INFO] Bookie state is set to Running
2024-04-21 14:22:20 [INFO] Bookie [5804] starts running in main loop...
2024-04-21 14:22:20 [INFO] With config:
 {
  "ReplicateNumber": 3,
  "MinimumReplicaNumber": 1,
  "SegmentMaxSize": 134217728,
  "StorageMaxSize": 1073741824,
  "StorageDirectoryPath": "/home/hoo/Filebase/project/pigeonmq/cmd/pigeonmq-bookie/storages/storage3",
  "LogFilePath": "/home/hoo/Filebase/project/pigeonmq/logs",
  "PermissibleDowntime": 0,
  "ZooKeeperClusterAddresses": [
    "127.0.0.1:18001"
  ],
  "ZooKeeperConnectionTimeout": 3000000000,
  "DefaultPeerCommunicationTimeout": 3000000000,
  "IPAddress": "127.0.0.1",
  "Port": 19003,
  "CronTimer": 10000000000,
  "RetentionHours": 604800000000000
}
2024-04-21 14:22:20 [INFO] Bookie received RPC CreateBackupSegment, args=&{t-seg}
2024-04-21 14:22:20 [INFO] Bookie handled RPC CreateBackupSegment: error=<nil>
2024-04-21 14:22:20 [INFO] Bookie [5804] shutting down...
2024-04-21 14:22:20 [INFO] Bookie state is set to Stopped
2024-04-21 14:22:20 [INFO] ZooKeeper recv loop terminated: EOF
2024-04-21 14:22:20 [INFO] ZooKeeper send loop terminated: <nil>
2024-04-21 14:22:20 [INFO] Bookie [5804] shut down successfully
2024-04-21 14:22:20 [INFO] Bookie [5804] shutting down...
2024-04-21 14:22:20 [ERROR] Bookie [5804] shut down with error : already stopped
2024-04-21 14:22:20 [INFO] Bookie [5804] starts running in main loop...
2024-04-21 14:22:20 [INFO] With config:
 {
  "ReplicateNumber": 3,
  "MinimumReplicaNumber": 1,
  "SegmentMaxSize": 134217728,
  "StorageMaxSize": 1073741824,
  "StorageDirectoryPath": "/home/hoo/Filebase/project/pigeonmq/cmd/pigeonmq-bookie/storages/storage3",
  "LogFilePath": "/home/hoo/Filebase/project/pigeonmq/logs",
  "PermissibleDowntime": 0,
  "ZooKeeperClusterAddresses": [
    "127.0.0.1:18001"
  ],
  "ZooKeeperConnectionTimeout": 3000000000,
  "DefaultPeerCommunicationTimeout": 3000000000,
  "IPAddress": "127.0.0.1",
  "Port": 19003,
  "CronTimer": 10000000000,
  "RetentionHours": 604800000000000
}
2024-04-21 14:22:20 [INFO] Bookie [5804] shutting down...
2024-04-21 14:22:20 [ERROR] Bookie [5804] shut down with error : already stopped
